Android/0904backupAndroid/app/build/outputs/logs/manifest-merger-debug-report.txt
-- Merging decision tree log ---
manifest
ADDED from src\main\AndroidManifest.xml:2:1-39:12
	package
		ADDED from src\main\AndroidManifest.xml:2:70-95
		INJECTED from src\main\AndroidManifest.xml
		INJECTED from src\main\AndroidManifest.xml
	android:versionName
		ADDED from src\main\AndroidManifest.xml:2:144-169
	android:versionCode
		ADDED from src\main\AndroidManifest.xml:2:170-193
		INJECTED from src\main\AndroidManifest.xml
		INJECTED from src\main\AndroidManifest.xml
	xmlns:android
		ADDED from src\main\AndroidManifest.xml:2:11-69
	android:installLocation
		ADDED from src\main\AndroidManifest.xml:2:194-234
	android:theme
		ADDED from src\main\AndroidManifest.xml:2:96-143
uses-feature#android.hardware.camera
ADDED from src\main\AndroidManifest.xml:3:3-58
	android:name
		ADDED from src\main\AndroidManifest.xml:3:17-55
supports-screens
ADDED from src\main\AndroidManifest.xml:4:3-163
	android:largeScreens
		ADDED from src\main\AndroidManifest.xml:4:78-105
	android:smallScreens
		ADDED from src\main\AndroidManifest.xml:4:21-48
	android:normalScreens
		ADDED from src\main\AndroidManifest.xml:4:49-77
	android:xlargeScreens
		ADDED from src\main\AndroidManifest.xml:4:106-134
	android:anyDensity
		ADDED from src\main\AndroidManifest.xml:4:135-160
uses-permission#android.permission.INTERNET
ADDED from src\main\AndroidManifest.xml:5:3-65
MERGED from [Iotar39:iotivity-armeabi-v7a-base-release:unspecified] AndroidManifest.xml:34:5-67
	android:name
		ADDED from src\main\AndroidManifest.xml:5:20-62
uses-permission#android.permission.CAMERA
ADDED from src\main\AndroidManifest.xml:6:3-63
	android:name
		ADDED from src\main\AndroidManifest.xml:6:20-60
uses-permission#android.permission.ACCESS_NETWORK_STATE
ADDED from src\main\AndroidManifest.xml:7:3-77
MERGED from [Iotar39:iotivity-armeabi-v7a-base-release:unspecified] AndroidManifest.xml:38:5-79
	android:name
		ADDED from src\main\AndroidManifest.xml:7:20-74
uses-permission#android.permission.WRITE_EXTERNAL_STORAGE
ADDED from src\main\AndroidManifest.xml:8:3-79
	android:name
		ADDED from src\main\AndroidManifest.xml:8:20-76
application
ADDED from src\main\AndroidManifest.xml:9:3-30:17
	android:label
		ADDED from src\main\AndroidManifest.xml:9:50-82
	android:debuggable
		ADDED from src\main\AndroidManifest.xml:9:142-168
	android:icon
		ADDED from src\main\AndroidManifest.xml:9:16-49
	android:banner
		ADDED from src\main\AndroidManifest.xml:9:191-228
	android:theme
		ADDED from src\main\AndroidManifest.xml:9:83-141
	android:isGame
		ADDED from src\main\AndroidManifest.xml:9:169-190
activity#com.samsung.iot.UnityPlayerNativeActivity
ADDED from src\main\AndroidManifest.xml:10:5-17:16
	android:screenOrientation
		ADDED from src\main\AndroidManifest.xml:10:48-86
	android:label
		ADDED from src\main\AndroidManifest.xml:10:15-47
	android:launchMode
		ADDED from src\main\AndroidManifest.xml:10:87-118
	android:configChanges
		ADDED from src\main\AndroidManifest.xml:10:119-276
	android:name
		ADDED from src\main\AndroidManifest.xml:10:277-333
intent-filter#android.intent.action.MAIN+android.intent.category.LAUNCHER
ADDED from src\main\AndroidManifest.xml:11:7-14:23
action#android.intent.action.MAIN
ADDED from src\main\AndroidManifest.xml:12:9-61
	android:name
		ADDED from src\main\AndroidManifest.xml:12:17-58
category#android.intent.category.LAUNCHER
ADDED from src\main\AndroidManifest.xml:13:9-69
	android:name
		ADDED from src\main\AndroidManifest.xml:13:19-66
meta-data#unityplayer.UnityActivity
ADDED from src\main\AndroidManifest.xml:15:7-82
	android:value
		ADDED from src\main\AndroidManifest.xml:15:59-79
	android:name
		ADDED from src\main\AndroidManifest.xml:15:18-58
meta-data#unityplayer.ForwardNativeEventsToDalvik
ADDED from src\main\AndroidManifest.xml:16:7-97
	android:value
		ADDED from src\main\AndroidManifest.xml:16:73-94
	android:name
		ADDED from src\main\AndroidManifest.xml:16:18-72
activity#com.unity3d.player.VideoPlayer
ADDED from src\main\AndroidManifest.xml:18:5-19:16
	android:screenOrientation
		ADDED from src\main\AndroidManifest.xml:18:94-130
	android:label
		ADDED from src\main\AndroidManifest.xml:18:61-93
	android:configChanges
		ADDED from src\main\AndroidManifest.xml:18:131-288
	android:name
		ADDED from src\main\AndroidManifest.xml:18:15-60
uses-library#com.ti.s3d
ADDED from src\main\AndroidManifest.xml:25:5-72
	android:required
		ADDED from src\main\AndroidManifest.xml:25:45-69
	android:name
		ADDED from src\main\AndroidManifest.xml:25:19-44
uses-library#com.osterhoutgroup.api.ext
ADDED from src\main\AndroidManifest.xml:29:5-88
	android:required
		ADDED from src\main\AndroidManifest.xml:29:61-85
	android:name
		ADDED from src\main\AndroidManifest.xml:29:19-60
uses-sdk
ADDED from src\main\AndroidManifest.xml:31:3-72
MERGED from [Iotar39:iotivity-armeabi-v7a-base-release:unspecified] AndroidManifest.xml:28:5-30:41
	android:targetSdkVersion
		ADDED from src\main\AndroidManifest.xml:31:40-69
		INJECTED from src\main\AndroidManifest.xml
		INJECTED from src\main\AndroidManifest.xml
	android:minSdkVersion
		ADDED from src\main\AndroidManifest.xml:31:13-39
		INJECTED from src\main\AndroidManifest.xml
		INJECTED from src\main\AndroidManifest.xml
uses-feature#0x00020000
ADDED from src\main\AndroidManifest.xml:32:3-52
	android:glEsVersion
		ADDED from src\main\AndroidManifest.xml:32:17-49
uses-permission#android.permission.READ_PHONE_STATE
ADDED from src\main\AndroidManifest.xml:33:3-73
	android:name
		ADDED from src\main\AndroidManifest.xml:33:20-70
uses-feature#android.hardware.camera.autofocus
ADDED from src\main\AndroidManifest.xml:34:3-93
	android:required
		ADDED from src\main\AndroidManifest.xml:34:66-90
	android:name
		ADDED from src\main\AndroidManifest.xml:34:17-65
uses-feature#android.hardware.camera.front
ADDED from src\main\AndroidManifest.xml:35:3-89
	android:required
		ADDED from src\main\AndroidManifest.xml:35:62-86
	android:name
		ADDED from src\main\AndroidManifest.xml:35:17-61
uses-feature#android.hardware.touchscreen
ADDED from src\main\AndroidManifest.xml:36:3-88
	android:required
		ADDED from src\main\AndroidManifest.xml:36:61-85
	android:name
		ADDED from src\main\AndroidManifest.xml:36:17-60
uses-feature#android.hardware.touchscreen.multitouch
ADDED from src\main\AndroidManifest.xml:37:3-99
	android:required
		ADDED from src\main\AndroidManifest.xml:37:72-96
	android:name
		ADDED from src\main\AndroidManifest.xml:37:17-71
uses-feature#android.hardware.touchscreen.multitouch.distinct
ADDED from src\main\AndroidManifest.xml:38:3-108
	android:required
		ADDED from src\main\AndroidManifest.xml:38:81-105
	android:name
		ADDED from src\main\AndroidManifest.xml:38:17-80
uses-permission#android.permission.BLUETOOTH
ADDED from [Iotar39:iotivity-armeabi-v7a-base-release:unspecified] AndroidManifest.xml:32:5-68
	android:name
		ADDED from [Iotar39:iotivity-armeabi-v7a-base-release:unspecified] AndroidManifest.xml:32:22-65
uses-permission#android.permission.BLUETOOTH_ADMIN
ADDED from [Iotar39:iotivity-armeabi-v7a-base-release:unspecified] AndroidManifest.xml:33:5-74
	android:name
		ADDED from [Iotar39:iotivity-armeabi-v7a-base-release:unspecified] AndroidManifest.xml:33:22-71
uses-permission#android.permission.ACCESS_WIFI_STATE
ADDED from [Iotar39:iotivity-armeabi-v7a-base-release:unspecified] AndroidManifest.xml:35:5-76
	android:name
		ADDED from [Iotar39:iotivity-armeabi-v7a-base-release:unspecified] AndroidManifest.xml:35:22-73
uses-permission#android.permission.CHANGE_WIFI_MULTICAST_STATE
ADDED from [Iotar39:iotivity-armeabi-v7a-base-release:unspecified] AndroidManifest.xml:36:5-86
	android:name
		ADDED from [Iotar39:iotivity-armeabi-v7a-base-release:unspecified] AndroidManifest.xml:36:22-83
uses-permission#android.permission.CHANGE_NETWORK_STATE
ADDED from [Iotar39:iotivity-armeabi-v7a-base-release:unspecified] AndroidManifest.xml:37:5-79
	android:name
		ADDED from [Iotar39:iotivity-armeabi-v7a-base-release:unspecified] AndroidManifest.xml:37:22-76
uses-permission#android.permission.CHANGE_WIFI_STATE
ADDED from [Iotar39:iotivity-armeabi-v7a-base-release:unspecified] AndroidManifest.xml:39:5-76
	android:name
		ADDED from [Iotar39:iotivity-armeabi-v7a-base-release:unspecified] AndroidManifest.xml:39:22-73